<?xml version="1.0" encoding="UTF-8"?>
<!-- Generated by org.testng.reporters.JUnitXMLReporter -->
<testsuite ignored="0" hostname="Deku" failures="0" tests="3" name="UI Tests" time="30.441" errors="0" timestamp="2026-05-31T20:22:35 IST">
  <testcase classname="com.utf.tests.ui.LoginTest" name="invalidLoginTest" time="3.259"/>
  <testcase classname="com.utf.tests.ui.LoginTest" name="validLoginTest" time="6.864"/>
  <testcase classname="com.utf.tests.ui.SignupTest" name="registerNewUserTest" time="7.881"/>
</testsuite> <!-- UI Tests -->
