<?xml version="1.0" encoding="UTF-8"?>
<testng-results ignored="0" total="3" passed="3" failed="0" skipped="0">
  <reporter-output>
  </reporter-output>
  <suite started-at="2026-05-31T20:22:04 IST" name="Unified Test Suite" finished-at="2026-05-31T20:22:35 IST" duration-ms="30441">
    <groups>
    </groups>
    <test started-at="2026-05-31T20:22:04 IST" name="UI Tests" finished-at="2026-05-31T20:22:35 IST" duration-ms="30441">
      <class name="com.utf.tests.ui.SignupTest">
        <test-method is-config="true" signature="setup([Ljava.lang.Object;)[pri:0, instance:com.utf.tests.ui.SignupTest@8297b3a]" started-at="2026-05-31T20:22:24 IST" name="setup" finished-at="2026-05-31T20:22:27 IST" duration-ms="2788" status="PASS">
          <params>
            <param index="0">
              <value>
                <![CDATA[[Ljava.lang.Object;@582a764a]]>
              </value>
            </param>
          </params>
          <reporter-output>
          </reporter-output>
        </test-method> <!-- setup -->
        <test-method signature="registerNewUserTest(java.util.Map)[pri:0, instance:com.utf.tests.ui.SignupTest@8297b3a]" started-at="2026-05-31T20:22:27 IST" name="registerNewUserTest" data-provider="getData" finished-at="2026-05-31T20:22:35 IST" duration-ms="7881" status="PASS">
          <params>
            <param index="0">
              <value>
                <![CDATA[{firstname=Test, address=123 Anna Salai, city=Coimbatore, mobile=9876543210, testname=registerNewUserTest, execute=yes, lastname=User, zipcode=641001, password=Test@123, browser=Chrome, name=Test User, state=Tamil Nadu, email=aryastark1234@test.com}]]>
              </value>
            </param>
          </params>
          <reporter-output>
          </reporter-output>
        </test-method> <!-- registerNewUserTest -->
        <test-method is-config="true" signature="tearDown()[pri:0, instance:com.utf.tests.ui.SignupTest@8297b3a]" started-at="2026-05-31T20:22:35 IST" name="tearDown" finished-at="2026-05-31T20:22:35 IST" duration-ms="313" status="PASS">
          <reporter-output>
          </reporter-output>
        </test-method> <!-- tearDown -->
      </class> <!-- com.utf.tests.ui.SignupTest -->
      <class name="com.utf.tests.ui.LoginTest">
        <test-method is-config="true" signature="setup([Ljava.lang.Object;)[pri:0, instance:com.utf.tests.ui.LoginTest@5aa9e4eb]" started-at="2026-05-31T20:22:06 IST" name="setup" finished-at="2026-05-31T20:22:11 IST" duration-ms="5054" status="PASS">
          <params>
            <param index="0">
              <value>
                <![CDATA[[Ljava.lang.Object;@de8039f]]>
              </value>
            </param>
          </params>
          <reporter-output>
          </reporter-output>
        </test-method> <!-- setup -->
        <test-method signature="invalidLoginTest(java.util.Map)[pri:0, instance:com.utf.tests.ui.LoginTest@5aa9e4eb]" started-at="2026-05-31T20:22:11 IST" name="invalidLoginTest" data-provider="getData" finished-at="2026-05-31T20:22:15 IST" duration-ms="3259" status="PASS">
          <params>
            <param index="0">
              <value>
                <![CDATA[{firstname=, address=, city=, mobile=, testname=invalidLoginTest, execute=yes, lastname=, zipcode=, password=wrongpass, browser=Chrome, name=, state=, email=wrong@gmail.com}]]>
              </value>
            </param>
          </params>
          <reporter-output>
          </reporter-output>
        </test-method> <!-- invalidLoginTest -->
        <test-method is-config="true" signature="tearDown()[pri:0, instance:com.utf.tests.ui.LoginTest@5aa9e4eb]" started-at="2026-05-31T20:22:15 IST" name="tearDown" finished-at="2026-05-31T20:22:15 IST" duration-ms="415" status="PASS">
          <reporter-output>
          </reporter-output>
        </test-method> <!-- tearDown -->
        <test-method is-config="true" signature="setup([Ljava.lang.Object;)[pri:0, instance:com.utf.tests.ui.LoginTest@5aa9e4eb]" started-at="2026-05-31T20:22:15 IST" name="setup" finished-at="2026-05-31T20:22:17 IST" duration-ms="1403" status="PASS">
          <params>
            <param index="0">
              <value>
                <![CDATA[[Ljava.lang.Object;@1deceb67]]>
              </value>
            </param>
          </params>
          <reporter-output>
          </reporter-output>
        </test-method> <!-- setup -->
        <test-method signature="validLoginTest(java.util.Map)[pri:0, instance:com.utf.tests.ui.LoginTest@5aa9e4eb]" started-at="2026-05-31T20:22:17 IST" name="validLoginTest" data-provider="getData" finished-at="2026-05-31T20:22:23 IST" duration-ms="6864" status="PASS">
          <params>
            <param index="0">
              <value>
                <![CDATA[{firstname=, address=, city=, mobile=, testname=validLoginTest, execute=yes, lastname=, zipcode=, password=Test@123, browser=Chrome, name=, state=, email=aryastark123@test.com}]]>
              </value>
            </param>
          </params>
          <reporter-output>
          </reporter-output>
        </test-method> <!-- validLoginTest -->
        <test-method is-config="true" signature="tearDown()[pri:0, instance:com.utf.tests.ui.LoginTest@5aa9e4eb]" started-at="2026-05-31T20:22:23 IST" name="tearDown" finished-at="2026-05-31T20:22:24 IST" duration-ms="318" status="PASS">
          <reporter-output>
          </reporter-output>
        </test-method> <!-- tearDown -->
      </class> <!-- com.utf.tests.ui.LoginTest -->
    </test> <!-- UI Tests -->
  </suite> <!-- Unified Test Suite -->
</testng-results>
